Analysis & Synthesis report for totalProj
Tue Dec  6 08:08:17 2022
Quartus Prime Version 21.1.1 Build 850 06/23/2022 SJ Standard Edition


---------------------
; Table of Contents ;
---------------------
  1. Legal Notice
  2. Analysis & Synthesis Summary
  3. Analysis & Synthesis Settings
  4. Parallel Compilation
  5. Analysis & Synthesis Source Files Read
  6. Analysis & Synthesis Resource Usage Summary
  7. Analysis & Synthesis Resource Utilization by Entity
  8. Registers Removed During Synthesis
  9. Removed Registers Triggering Further Register Optimizations
 10. General Register Statistics
 11. Multiplexer Restructuring Statistics (Restructuring Performed)
 12. Post-Synthesis Netlist Statistics for Top Partition
 13. Elapsed Time Per Partition
 14. Analysis & Synthesis Messages



----------------
; Legal Notice ;
----------------
Copyright (C) 2022  Intel Corporation. All rights reserved.
Your use of Intel Corporation's design tools, logic functions 
and other software and tools, and any partner logic 
functions, and any output files from any of the foregoing 
(including device programming or simulation files), and any 
associated documentation or information are expressly subject 
to the terms and conditions of the Intel Program License 
Subscription Agreement, the Intel Quartus Prime License Agreement,
the Intel FPGA IP License Agreement, or other applicable license
agreement, including, without limitation, that your use is for
the sole purpose of programming logic devices manufactured by
Intel and sold by Intel or its authorized distributors.  Please
refer to the applicable agreement for further details, at
https://fpgasoftware.intel.com/eula.



+--------------------------------------------------------------------------------------+
; Analysis & Synthesis Summary                                                         ;
+------------------------------------+-------------------------------------------------+
; Analysis & Synthesis Status        ; Successful - Tue Dec  6 08:08:17 2022           ;
; Quartus Prime Version              ; 21.1.1 Build 850 06/23/2022 SJ Standard Edition ;
; Revision Name                      ; totalProj                                       ;
; Top-level Entity Name              ; totalProj                                       ;
; Family                             ; Cyclone IV E                                    ;
; Total logic elements               ; 92                                              ;
;     Total combinational functions  ; 91                                              ;
;     Dedicated logic registers      ; 58                                              ;
; Total registers                    ; 58                                              ;
; Total pins                         ; 43                                              ;
; Total virtual pins                 ; 0                                               ;
; Total memory bits                  ; 0                                               ;
; Embedded Multiplier 9-bit elements ; 0                                               ;
; Total PLLs                         ; 0                                               ;
+------------------------------------+-------------------------------------------------+


+------------------------------------------------------------------------------------------------------------+
; Analysis & Synthesis Settings                                                                              ;
+------------------------------------------------------------------+--------------------+--------------------+
; Option                                                           ; Setting            ; Default Value      ;
+------------------------------------------------------------------+--------------------+--------------------+
; Device                                                           ; EP4CE115F29C7      ;                    ;
; Top-level entity name                                            ; totalProj          ; totalProj          ;
; Family name                                                      ; Cyclone IV E       ; Cyclone V          ;
; Use smart compilation                                            ; Off                ; Off                ;
; Enable parallel Assembler and Timing Analyzer during compilation ; On                 ; On                 ;
; Enable compact report table                                      ; Off                ; Off                ;
; Restructure Multiplexers                                         ; Auto               ; Auto               ;
; Create Debugging Nodes for IP Cores                              ; Off                ; Off                ;
; Preserve fewer node names                                        ; On                 ; On                 ;
; Intel FPGA IP Evaluation Mode                                    ; Enable             ; Enable             ;
; Verilog Version                                                  ; Verilog_2001       ; Verilog_2001       ;
; VHDL Version                                                     ; VHDL_1993          ; VHDL_1993          ;
; State Machine Processing                                         ; Auto               ; Auto               ;
; Safe State Machine                                               ; Off                ; Off                ;
; Extract Verilog State Machines                                   ; On                 ; On                 ;
; Extract VHDL State Machines                                      ; On                 ; On                 ;
; Ignore Verilog initial constructs                                ; Off                ; Off                ;
; Iteration limit for constant Verilog loops                       ; 5000               ; 5000               ;
; Iteration limit for non-constant Verilog loops                   ; 250                ; 250                ;
; Add Pass-Through Logic to Inferred RAMs                          ; On                 ; On                 ;
; Infer RAMs from Raw Logic                                        ; On                 ; On                 ;
; Parallel Synthesis                                               ; On                 ; On                 ;
; DSP Block Balancing                                              ; Auto               ; Auto               ;
; NOT Gate Push-Back                                               ; On                 ; On                 ;
; Power-Up Don't Care                                              ; On                 ; On                 ;
; Remove Redundant Logic Cells                                     ; Off                ; Off                ;
; Remove Duplicate Registers                                       ; On                 ; On                 ;
; Ignore CARRY Buffers                                             ; Off                ; Off                ;
; Ignore CASCADE Buffers                                           ; Off                ; Off                ;
; Ignore GLOBAL Buffers                                            ; Off                ; Off                ;
; Ignore ROW GLOBAL Buffers                                        ; Off                ; Off                ;
; Ignore LCELL Buffers                                             ; Off                ; Off                ;
; Ignore SOFT Buffers                                              ; On                 ; On                 ;
; Limit AHDL Integers to 32 Bits                                   ; Off                ; Off                ;
; Optimization Technique                                           ; Balanced           ; Balanced           ;
; Carry Chain Length                                               ; 70                 ; 70                 ;
; Auto Carry Chains                                                ; On                 ; On                 ;
; Auto Open-Drain Pins                                             ; On                 ; On                 ;
; Perform WYSIWYG Primitive Resynthesis                            ; Off                ; Off                ;
; Auto ROM Replacement                                             ; On                 ; On                 ;
; Auto RAM Replacement                                             ; On                 ; On                 ;
; Auto DSP Block Replacement                                       ; On                 ; On                 ;
; Auto Shift Register Replacement                                  ; Auto               ; Auto               ;
; Allow Shift Register Merging across Hierarchies                  ; Auto               ; Auto               ;
; Auto Clock Enable Replacement                                    ; On                 ; On                 ;
; Strict RAM Replacement                                           ; Off                ; Off                ;
; Allow Synchronous Control Signals                                ; On                 ; On                 ;
; Force Use of Synchronous Clear Signals                           ; Off                ; Off                ;
; Auto RAM Block Balancing                                         ; On                 ; On                 ;
; Auto RAM to Logic Cell Conversion                                ; Off                ; Off                ;
; Auto Resource Sharing                                            ; Off                ; Off                ;
; Allow Any RAM Size For Recognition                               ; Off                ; Off                ;
; Allow Any ROM Size For Recognition                               ; Off                ; Off                ;
; Allow Any Shift Register Size For Recognition                    ; Off                ; Off                ;
; Use LogicLock Constraints during Resource Balancing              ; On                 ; On                 ;
; Ignore translate_off and synthesis_off directives                ; Off                ; Off                ;
; Timing-Driven Synthesis                                          ; On                 ; On                 ;
; Report Parameter Settings                                        ; On                 ; On                 ;
; Report Source Assignments                                        ; On                 ; On                 ;
; Report Connectivity Checks                                       ; On                 ; On                 ;
; Ignore Maximum Fan-Out Assignments                               ; Off                ; Off                ;
; Synchronization Register Chain Length                            ; 2                  ; 2                  ;
; Power Optimization During Synthesis                              ; Normal compilation ; Normal compilation ;
; HDL message level                                                ; Level2             ; Level2             ;
; Suppress Register Optimization Related Messages                  ; Off                ; Off                ;
; Number of Removed Registers Reported in Synthesis Report         ; 5000               ; 5000               ;
; Number of Swept Nodes Reported in Synthesis Report               ; 5000               ; 5000               ;
; Number of Inverted Registers Reported in Synthesis Report        ; 100                ; 100                ;
; Clock MUX Protection                                             ; On                 ; On                 ;
; Auto Gated Clock Conversion                                      ; Off                ; Off                ;
; Block Design Naming                                              ; Auto               ; Auto               ;
; SDC constraint protection                                        ; Off                ; Off                ;
; Synthesis Effort                                                 ; Auto               ; Auto               ;
; Shift Register Replacement - Allow Asynchronous Clear Signal     ; On                 ; On                 ;
; Pre-Mapping Resynthesis Optimization                             ; Off                ; Off                ;
; Analysis & Synthesis Message Level                               ; Medium             ; Medium             ;
; Disable Register Merging Across Hierarchies                      ; Auto               ; Auto               ;
; Resource Aware Inference For Block RAM                           ; On                 ; On                 ;
+------------------------------------------------------------------+--------------------+--------------------+


+------------------------------------------+
; Parallel Compilation                     ;
+----------------------------+-------------+
; Processors                 ; Number      ;
+----------------------------+-------------+
; Number detected on machine ; 16          ;
; Maximum allowed            ; 8           ;
;                            ;             ;
; Average used               ; 1.00        ;
; Maximum used               ; 8           ;
;                            ;             ;
; Usage by Processor         ; % Time Used ;
;     Processor 1            ; 100.0%      ;
;     Processors 2-8         ;   0.0%      ;
+----------------------------+-------------+


+-----------------------------------------------------------------------------------------------------------------------------------------------------------------+
; Analysis & Synthesis Source Files Read                                                                                                                          ;
+----------------------------------+-----------------+------------------------------------------+-------------------------------------------------------+---------+
; File Name with User-Entered Path ; Used in Netlist ; File Type                                ; File Name with Absolute Path                          ; Library ;
+----------------------------------+-----------------+------------------------------------------+-------------------------------------------------------+---------+
; totalProj.bdf                    ; yes             ; User Block Diagram/Schematic File        ; U:/CPRE281/finalProj/totalProj/totalProj.bdf          ;         ;
; seven_seg_decoder.v              ; yes             ; Auto-Found Verilog HDL File              ; U:/CPRE281/finalProj/totalProj/seven_seg_decoder.v    ;         ;
; sevenfivefsm.bdf                 ; yes             ; Auto-Found Block Diagram/Schematic File  ; U:/CPRE281/finalProj/totalProj/sevenfivefsm.bdf       ;         ;
; regfile.bdf                      ; yes             ; Auto-Found Block Diagram/Schematic File  ; U:/CPRE281/finalProj/totalProj/regfile.bdf            ;         ;
; mux4to12.v                       ; yes             ; Auto-Found Verilog HDL File              ; U:/CPRE281/finalProj/totalProj/mux4to12.v             ;         ;
; mux2_1.v                         ; yes             ; Auto-Found Verilog HDL File              ; U:/CPRE281/finalProj/totalProj/mux2_1.v               ;         ;
; clock_divider_1024.bdf           ; yes             ; Auto-Found Block Diagram/Schematic File  ; U:/CPRE281/finalProj/totalProj/clock_divider_1024.bdf ;         ;
; decoder24_behaviour1.v           ; yes             ; Auto-Found Verilog HDL File              ; U:/CPRE281/finalProj/totalProj/decoder24_behaviour1.v ;         ;
; clock_generator.bdf              ; yes             ; Auto-Found Block Diagram/Schematic File  ; U:/CPRE281/finalProj/totalProj/clock_generator.bdf    ;         ;
; debounce.bdf                     ; yes             ; Auto-Found Block Diagram/Schematic File  ; U:/CPRE281/finalProj/totalProj/debounce.bdf           ;         ;
; dollarfsm.bdf                    ; yes             ; Auto-Found Block Diagram/Schematic File  ; U:/CPRE281/finalProj/totalProj/dollarfsm.bdf          ;         ;
; fiftyfsm.bdf                     ; yes             ; Auto-Found Block Diagram/Schematic File  ; U:/CPRE281/finalProj/totalProj/fiftyfsm.bdf           ;         ;
; price.v                          ; yes             ; Auto-Found Verilog HDL File              ; U:/CPRE281/finalProj/totalProj/price.v                ;         ;
+----------------------------------+-----------------+------------------------------------------+-------------------------------------------------------+---------+


+---------------------------------------------------------------------------------------------+
; Analysis & Synthesis Resource Usage Summary                                                 ;
+---------------------------------------------+-----------------------------------------------+
; Resource                                    ; Usage                                         ;
+---------------------------------------------+-----------------------------------------------+
; Estimated Total logic elements              ; 92                                            ;
;                                             ;                                               ;
; Total combinational functions               ; 91                                            ;
; Logic element usage by number of LUT inputs ;                                               ;
;     -- 4 input functions                    ; 46                                            ;
;     -- 3 input functions                    ; 18                                            ;
;     -- <=2 input functions                  ; 27                                            ;
;                                             ;                                               ;
; Logic elements by mode                      ;                                               ;
;     -- normal mode                          ; 91                                            ;
;     -- arithmetic mode                      ; 0                                             ;
;                                             ;                                               ;
; Total registers                             ; 58                                            ;
;     -- Dedicated logic registers            ; 58                                            ;
;     -- I/O registers                        ; 0                                             ;
;                                             ;                                               ;
; I/O pins                                    ; 43                                            ;
;                                             ;                                               ;
; Embedded Multiplier 9-bit elements          ; 0                                             ;
;                                             ;                                               ;
; Maximum fan-out node                        ; Debounce:inst9|clock_divider_1024:inst|inst10 ;
; Maximum fan-out                             ; 11                                            ;
; Total fan-out                               ; 477                                           ;
; Average fan-out                             ; 2.03                                          ;
+---------------------------------------------+-----------------------------------------------+


+------------------------------------------------------------------------------------------------------------------------------------------------------------------------------------------------------------------------------------------------------------------+
; Analysis & Synthesis Resource Utilization by Entity                                                                                                                                                                                                              ;
+--------------------------------------+---------------------+---------------------------+-------------+--------------+---------+-----------+------+--------------+------------------------------------------------------------+--------------------+--------------+
; Compilation Hierarchy Node           ; Combinational ALUTs ; Dedicated Logic Registers ; Memory Bits ; DSP Elements ; DSP 9x9 ; DSP 18x18 ; Pins ; Virtual Pins ; Full Hierarchy Name                                        ; Entity Name        ; Library Name ;
+--------------------------------------+---------------------+---------------------------+-------------+--------------+---------+-----------+------+--------------+------------------------------------------------------------+--------------------+--------------+
; |totalProj                           ; 91 (11)             ; 58 (3)                    ; 0           ; 0            ; 0       ; 0         ; 43   ; 0            ; |totalProj                                                 ; totalProj          ; work         ;
;    |Debounce:inst9|                  ; 26 (0)              ; 21 (1)                    ; 0           ; 0            ; 0       ; 0         ; 0    ; 0            ; |totalProj|Debounce:inst9                                  ; Debounce           ; work         ;
;       |clock_divider_1024:inst1|     ; 13 (13)             ; 10 (10)                   ; 0           ; 0            ; 0       ; 0         ; 0    ; 0            ; |totalProj|Debounce:inst9|clock_divider_1024:inst1         ; clock_divider_1024 ; work         ;
;       |clock_divider_1024:inst|      ; 13 (13)             ; 10 (10)                   ; 0           ; 0            ; 0       ; 0         ; 0    ; 0            ; |totalProj|Debounce:inst9|clock_divider_1024:inst          ; clock_divider_1024 ; work         ;
;    |clock_generator:inst27|          ; 32 (6)              ; 25 (5)                    ; 0           ; 0            ; 0       ; 0         ; 0    ; 0            ; |totalProj|clock_generator:inst27                          ; clock_generator    ; work         ;
;       |clock_divider_1024:inst8|     ; 13 (13)             ; 10 (10)                   ; 0           ; 0            ; 0       ; 0         ; 0    ; 0            ; |totalProj|clock_generator:inst27|clock_divider_1024:inst8 ; clock_divider_1024 ; work         ;
;       |clock_divider_1024:inst|      ; 13 (13)             ; 10 (10)                   ; 0           ; 0            ; 0       ; 0         ; 0    ; 0            ; |totalProj|clock_generator:inst27|clock_divider_1024:inst  ; clock_divider_1024 ; work         ;
;    |dollarFSM:inst|                  ; 5 (5)               ; 3 (3)                     ; 0           ; 0            ; 0       ; 0         ; 0    ; 0            ; |totalProj|dollarFSM:inst                                  ; dollarFSM          ; work         ;
;    |fiftyFSM:inst68|                 ; 4 (4)               ; 3 (3)                     ; 0           ; 0            ; 0       ; 0         ; 0    ; 0            ; |totalProj|fiftyFSM:inst68                                 ; fiftyFSM           ; work         ;
;    |price:inst18|                    ; 1 (1)               ; 0 (0)                     ; 0           ; 0            ; 0       ; 0         ; 0    ; 0            ; |totalProj|price:inst18                                    ; price              ; work         ;
;    |seven_seg_decoder:Middle|        ; 3 (3)               ; 0 (0)                     ; 0           ; 0            ; 0       ; 0         ; 0    ; 0            ; |totalProj|seven_seg_decoder:Middle                        ; seven_seg_decoder  ; work         ;
;    |seven_seg_decoder:QuarterReturn| ; 3 (3)               ; 0 (0)                     ; 0           ; 0            ; 0       ; 0         ; 0    ; 0            ; |totalProj|seven_seg_decoder:QuarterReturn                 ; seven_seg_decoder  ; work         ;
;    |sevenfiveFSM:inst12|             ; 6 (6)               ; 3 (3)                     ; 0           ; 0            ; 0       ; 0         ; 0    ; 0            ; |totalProj|sevenfiveFSM:inst12                             ; sevenfiveFSM       ; work         ;
+--------------------------------------+---------------------+---------------------------+-------------+--------------+---------+-----------+------+--------------+------------------------------------------------------------+--------------------+--------------+
Note: For table entries with two numbers listed, the numbers in parentheses indicate the number of resources of the given type used by the specific entity alone. The numbers listed outside of parentheses indicate the total resources of the given type used by the specific entity and all of its sub-entities in the hierarchy.


+------------------------------------------------------------------------------------------+
; Registers Removed During Synthesis                                                       ;
+-------------------------------------------------+----------------------------------------+
; Register name                                   ; Reason for Removal                     ;
+-------------------------------------------------+----------------------------------------+
; regFile:inst17|inst3                            ; Lost fanout                            ;
; regFile:inst17|inst5                            ; Lost fanout                            ;
; regFile:inst17|inst2                            ; Merged with regFile:inst17|inst        ;
; regFile:inst17|inst1                            ; Merged with regFile:inst17|inst        ;
; regFile:inst17|inst4                            ; Merged with regFile:inst17|inst        ;
; regFile:inst17|inst                             ; Stuck at GND due to stuck port data_in ;
; regFile:inst17|inst6                            ; Stuck at VCC due to stuck port data_in ;
; regFile:inst17|inst7                            ; Stuck at VCC due to stuck port data_in ;
; regFile:inst17|clock_divider_1024:inst22|inst10 ; Lost fanout                            ;
; regFile:inst17|clock_divider_1024:inst22|inst1  ; Lost fanout                            ;
; regFile:inst17|clock_divider_1024:inst22|inst2  ; Lost fanout                            ;
; regFile:inst17|clock_divider_1024:inst22|inst3  ; Lost fanout                            ;
; regFile:inst17|clock_divider_1024:inst22|inst4  ; Lost fanout                            ;
; regFile:inst17|clock_divider_1024:inst22|inst5  ; Lost fanout                            ;
; regFile:inst17|clock_divider_1024:inst22|inst6  ; Lost fanout                            ;
; regFile:inst17|clock_divider_1024:inst22|inst7  ; Lost fanout                            ;
; regFile:inst17|clock_divider_1024:inst22|inst8  ; Lost fanout                            ;
; regFile:inst17|clock_divider_1024:inst22|inst9  ; Lost fanout                            ;
; Total Number of Removed Registers = 18          ;                                        ;
+-------------------------------------------------+----------------------------------------+


+----------------------------------------------------------------------------------------------+
; Removed Registers Triggering Further Register Optimizations                                  ;
+----------------------+--------------------+--------------------------------------------------+
; Register name        ; Reason for Removal ; Registers Removed due to This Register           ;
+----------------------+--------------------+--------------------------------------------------+
; regFile:inst17|inst3 ; Lost Fanouts       ; regFile:inst17|clock_divider_1024:inst22|inst10, ;
;                      ;                    ; regFile:inst17|clock_divider_1024:inst22|inst1,  ;
;                      ;                    ; regFile:inst17|clock_divider_1024:inst22|inst2,  ;
;                      ;                    ; regFile:inst17|clock_divider_1024:inst22|inst3,  ;
;                      ;                    ; regFile:inst17|clock_divider_1024:inst22|inst4,  ;
;                      ;                    ; regFile:inst17|clock_divider_1024:inst22|inst5,  ;
;                      ;                    ; regFile:inst17|clock_divider_1024:inst22|inst6,  ;
;                      ;                    ; regFile:inst17|clock_divider_1024:inst22|inst7,  ;
;                      ;                    ; regFile:inst17|clock_divider_1024:inst22|inst8,  ;
;                      ;                    ; regFile:inst17|clock_divider_1024:inst22|inst9   ;
+----------------------+--------------------+--------------------------------------------------+


+------------------------------------------------------+
; General Register Statistics                          ;
+----------------------------------------------+-------+
; Statistic                                    ; Value ;
+----------------------------------------------+-------+
; Total registers                              ; 58    ;
; Number of registers using Synchronous Clear  ; 0     ;
; Number of registers using Synchronous Load   ; 0     ;
; Number of registers using Asynchronous Clear ; 9     ;
; Number of registers using Asynchronous Load  ; 0     ;
; Number of registers using Clock Enable       ; 0     ;
; Number of registers using Preset             ; 0     ;
+----------------------------------------------+-------+


+-----------------------------------------------------------------------------------------------------------------------------------------------------------+
; Multiplexer Restructuring Statistics (Restructuring Performed)                                                                                            ;
+--------------------+-----------+---------------+----------------------+------------------------+------------+---------------------------------------------+
; Multiplexer Inputs ; Bus Width ; Baseline Area ; Area if Restructured ; Saving if Restructured ; Registered ; Example Multiplexer Output                  ;
+--------------------+-----------+---------------+----------------------+------------------------+------------+---------------------------------------------+
; 3:1                ; 2 bits    ; 4 LEs         ; 4 LEs                ; 0 LEs                  ; No         ; |totalProj|regFile:inst17|mux4to12:inst19|F ;
+--------------------+-----------+---------------+----------------------+------------------------+------------+---------------------------------------------+


+-----------------------------------------------------+
; Post-Synthesis Netlist Statistics for Top Partition ;
+-----------------------+-----------------------------+
; Type                  ; Count                       ;
+-----------------------+-----------------------------+
; boundary_port         ; 43                          ;
; cycloneiii_ff         ; 58                          ;
;     CLR               ; 9                           ;
;     plain             ; 49                          ;
; cycloneiii_lcell_comb ; 97                          ;
;     normal            ; 97                          ;
;         0 data inputs ; 2                           ;
;         1 data inputs ; 9                           ;
;         2 data inputs ; 22                          ;
;         3 data inputs ; 18                          ;
;         4 data inputs ; 46                          ;
;                       ;                             ;
; Max LUT depth         ; 4.00                        ;
; Average LUT depth     ; 2.12                        ;
+-----------------------+-----------------------------+


+-------------------------------+
; Elapsed Time Per Partition    ;
+----------------+--------------+
; Partition Name ; Elapsed Time ;
+----------------+--------------+
; Top            ; 00:00:00     ;
+----------------+--------------+


+-------------------------------+
; Analysis & Synthesis Messages ;
+-------------------------------+
Info: *******************************************************************
Info: Running Quartus Prime Analysis & Synthesis
    Info: Version 21.1.1 Build 850 06/23/2022 SJ Standard Edition
    Info: Processing started: Tue Dec  6 08:08:06 2022
Info: Command: quartus_map --read_settings_files=on --write_settings_files=off totalProj -c totalProj
Warning (18236): Number of processors has not been specified which may cause overloading on shared machines.  Set the global assignment NUM_PARALLEL_PROCESSORS in your QSF to an appropriate value for best performance.
Info (20030): Parallel compilation is enabled and will use 8 of the 8 processors detected
Info (12021): Found 1 design units, including 1 entities, in source file totalproj.bdf
    Info (12023): Found entity 1: totalProj
Info (12127): Elaborating entity "totalProj" for the top level hierarchy
Warning (12125): Using design file seven_seg_decoder.v, which is not specified as a design file for the current project, but contains definitions for 1 design units and 1 entities in project
    Info (12023): Found entity 1: seven_seg_decoder File: U:/CPRE281/finalProj/totalProj/seven_seg_decoder.v Line: 1
Info (12128): Elaborating entity "seven_seg_decoder" for hierarchy "seven_seg_decoder:Dispense"
Warning (12125): Using design file sevenfivefsm.bdf, which is not specified as a design file for the current project, but contains definitions for 1 design units and 1 entities in project
    Info (12023): Found entity 1: sevenfiveFSM
Info (12128): Elaborating entity "sevenfiveFSM" for hierarchy "sevenfiveFSM:inst12"
Warning (12125): Using design file regfile.bdf, which is not specified as a design file for the current project, but contains definitions for 1 design units and 1 entities in project
    Info (12023): Found entity 1: regFile
Info (12128): Elaborating entity "regFile" for hierarchy "regFile:inst17"
Warning (12125): Using design file mux4to12.v, which is not specified as a design file for the current project, but contains definitions for 1 design units and 1 entities in project
    Info (12023): Found entity 1: mux4to12 File: U:/CPRE281/finalProj/totalProj/mux4to12.v Line: 1
Info (12128): Elaborating entity "mux4to12" for hierarchy "regFile:inst17|mux4to12:inst19"
Warning (12125): Using design file mux2_1.v, which is not specified as a design file for the current project, but contains definitions for 1 design units and 1 entities in project
    Info (12023): Found entity 1: mux2_1 File: U:/CPRE281/finalProj/totalProj/mux2_1.v Line: 2
Info (12128): Elaborating entity "mux2_1" for hierarchy "regFile:inst17|mux2_1:inst8"
Warning (12125): Using design file clock_divider_1024.bdf, which is not specified as a design file for the current project, but contains definitions for 1 design units and 1 entities in project
    Info (12023): Found entity 1: clock_divider_1024
Info (12128): Elaborating entity "clock_divider_1024" for hierarchy "regFile:inst17|clock_divider_1024:inst22"
Warning (12125): Using design file decoder24_behaviour1.v, which is not specified as a design file for the current project, but contains definitions for 1 design units and 1 entities in project
    Info (12023): Found entity 1: decoder24_behaviour1 File: U:/CPRE281/finalProj/totalProj/decoder24_behaviour1.v Line: 1
Info (12128): Elaborating entity "decoder24_behaviour1" for hierarchy "regFile:inst17|decoder24_behaviour1:inst18"
Warning (12125): Using design file clock_generator.bdf, which is not specified as a design file for the current project, but contains definitions for 1 design units and 1 entities in project
    Info (12023): Found entity 1: clock_generator
Info (12128): Elaborating entity "clock_generator" for hierarchy "clock_generator:inst27"
Warning (12125): Using design file debounce.bdf, which is not specified as a design file for the current project, but contains definitions for 1 design units and 1 entities in project
    Info (12023): Found entity 1: Debounce
Info (12128): Elaborating entity "Debounce" for hierarchy "Debounce:inst9"
Warning (12125): Using design file dollarfsm.bdf, which is not specified as a design file for the current project, but contains definitions for 1 design units and 1 entities in project
    Info (12023): Found entity 1: dollarFSM
Info (12128): Elaborating entity "dollarFSM" for hierarchy "dollarFSM:inst"
Warning (12125): Using design file fiftyfsm.bdf, which is not specified as a design file for the current project, but contains definitions for 1 design units and 1 entities in project
    Info (12023): Found entity 1: fiftyFSM
Info (12128): Elaborating entity "fiftyFSM" for hierarchy "fiftyFSM:inst68"
Warning (12125): Using design file price.v, which is not specified as a design file for the current project, but contains definitions for 1 design units and 1 entities in project
    Info (12023): Found entity 1: price File: U:/CPRE281/finalProj/totalProj/price.v Line: 1
Info (12128): Elaborating entity "price" for hierarchy "price:inst18"
Warning (13024): Output pins are stuck at VCC or GND
    Warning (13410): Pin "B1" is stuck at GND
    Warning (13410): Pin "C1" is stuck at GND
    Warning (13410): Pin "G1" is stuck at VCC
    Warning (13410): Pin "B2" is stuck at GND
    Warning (13410): Pin "B3" is stuck at GND
    Warning (13410): Pin "C3" is stuck at GND
    Warning (13410): Pin "G3" is stuck at VCC
    Warning (13410): Pin "C4" is stuck at GND
    Warning (13410): Pin "A4" is stuck at GND
    Warning (13410): Pin "C5" is stuck at GND
    Warning (13410): Pin "D5" is stuck at GND
    Warning (13410): Pin "F5" is stuck at GND
    Warning (13410): Pin "A5" is stuck at GND
Info (286030): Timing-Driven Synthesis is running
Info (17049): 12 registers lost all their fanouts during netlist optimizations.
Info (16010): Generating hard_block partition "hard_block:auto_generated_inst"
    Info (16011): Adding 0 node(s), including 0 DDIO, 0 PLL, 0 transceiver and 0 LCELL
Info (21057): Implemented 135 device resources after synthesis - the final resource count might be different
    Info (21058): Implemented 8 input pins
    Info (21059): Implemented 35 output pins
    Info (21061): Implemented 92 logic cells
Info: Quartus Prime Analysis & Synthesis was successful. 0 errors, 27 warnings
    Info: Peak virtual memory: 4819 megabytes
    Info: Processing ended: Tue Dec  6 08:08:17 2022
    Info: Elapsed time: 00:00:11
    Info: Total CPU time (on all processors): 00:00:16


